<?xml version="1.0" encoding="UTF-8"?>
<!-- Generated by org.testng.reporters.JUnitReportReporter -->
<testsuite hostname="Admin-PC" failures="0" tests="3" name="com.softwaretesting.STQA_sce_project.App" time="122.816" errors="0" timestamp="2021-12-09T10:02:31 IST" skipped="0">
  <testcase classname="com.softwaretesting.STQA_sce_project.App" name="doSetUp" time="4.984"/>
  <system-out/>
  <testcase classname="com.softwaretesting.STQA_sce_project.App" name="openBrowser" time="11.104"/>
  <system-out/>
  <testcase classname="com.softwaretesting.STQA_sce_project.App" name="giveInfo" time="106.728"/>
  <system-out/>
</testsuite> <!-- com.softwaretesting.STQA_sce_project.App -->
